#
# A fatal error has been detected by the Java Runtime Environment:
#
#  EXCEPTION_ACCESS_VIOLATION (0xc0000005) at pc=0x6d0a2dd0, pid=8960, tid=7552
#
# JRE version: 6.0_18-b07
# Java VM: Java HotSpot(TM) Client VM (16.0-b13 mixed mode windows-x86 )
# Problematic frame:
# C  [awt.dll+0xa2dd0]
#
# If you would like to submit a bug report, please visit:
#   http://java.sun.com/webapps/bugreport/crash.jsp
# The crash happened outside the Java Virtual Machine in native code.
# See problematic frame for where to report the bug.
#

---------------  T H R E A D  ---------------

Current thread (0x491b8800):  JavaThread "AWT-EventQueue-1" [_thread_in_native, id=7552, stack(0x498b0000,0x49900000)]

siginfo: ExceptionCode=0xc0000005, reading address 0x00000004

Registers:
EAX=0x0000000d, EBX=0x48eeabd0, ECX=0x00000000, EDX=0x00761f00
ESP=0x498febdc, EBP=0x77436940, ESI=0x760116a0, EDI=0x49dc3d50
EIP=0x6d0a2dd0, EFLAGS=0x00010287

Top of Stack: (sp=0x498febdc)
0x498febdc:   6d06665a 760116a0 498ff160 491b8910
0x498febec:   498ff0f8 49dc3d50 6d04c46e 491b8910
0x498febfc:   49dc3d50 49d60550 6d04c491 00000001
0x498fec0c:   491b8800 491b8910 6d063cdc 491b8910
0x498fec1c:   498ff160 491b8800 00000000 00000000
0x498fec2c:   491b8800 06b3f700 447bbb68 498fec48
0x498fec3c:   49d60550 491b8800 491b8800 02afefbc
0x498fec4c:   1a3819a8 1a3819c0 00000001 1afd1e68 

Instructions: (pc=0x6d0a2dd0)
0x6d0a2dc0:   8b 41 04 8b 80 0c 0c 00 00 c3 cc cc cc cc cc cc
0x6d0a2dd0:   8b 49 04 85 c9 74 05 e9 d4 7d fe ff 33 c0 c2 04 


Stack: [0x498b0000,0x49900000],  sp=0x498febdc,  free space=13a498fe4ack
Native frames: (J=compiled Java code, j=interpreted, Vv=VM code, C=native code)
C  [awt.dll+0xa2dd0]

Java frames: (J=compiled Java code, j=interpreted, Vv=VM code)
J  sun.java2d.windows.GDIBlitLoops.nativeBlit(Lsun/java2d/SurfaceData;Lsun/java2d/SurfaceData;Lsun/java2d/pipe/Region;IIIIIIIIIZ)V
J  sun.java2d.windows.GDIBlitLoops.Blit(Lsun/java2d/SurfaceData;Lsun/java2d/SurfaceData;Ljava/awt/Composite;Lsun/java2d/pipe/Region;IIIIII)V
J  sun.java2d.pipe.DrawImage.blitSurfaceData(Lsun/java2d/SunGraphics2D;Lsun/java2d/pipe/Region;Lsun/java2d/SurfaceData;Lsun/java2d/SurfaceData;Lsun/java2d/loops/SurfaceType;Lsun/java2d/loops/SurfaceType;IIIIIILjava/awt/Color;)V
J  sun.java2d.pipe.DrawImage.renderImageCopy(Lsun/java2d/SunGraphics2D;Ljava/awt/Image;Ljava/awt/Color;IIIIII)Z
J  sun.java2d.pipe.DrawImage.copyImage(Lsun/java2d/SunGraphics2D;Ljava/awt/Image;IILjava/awt/Color;)Z
J  sun.java2d.pipe.DrawImage.copyImage(Lsun/java2d/SunGraphics2D;Ljava/awt/Image;IILjava/awt/Color;Ljava/awt/image/ImageObserver;)Z
J  sun.java2d.pipe.ValidatePipe.copyImage(Lsun/java2d/SunGraphics2D;Ljava/awt/Image;IILjava/awt/Color;Ljava/awt/image/ImageObserver;)Z
J  sun.java2d.SunGraphics2D.drawImage(Ljava/awt/Image;IILjava/awt/Color;Ljava/awt/image/ImageObserver;)Z
J  sun.java2d.SunGraphics2D.drawImage(Ljava/awt/Image;IILjava/awt/image/ImageObserver;)Z
J  javax.swing.RepaintManager$PaintManager.paintDoubleBuffered(Ljavax/swing/JComponent;Ljava/awt/Image;Ljava/awt/Graphics;IIII)V
J  javax.swing.RepaintManager$PaintManager.paint(Ljavax/swing/JComponent;Ljavax/swing/JComponent;Ljava/awt/Graphics;IIII)Z
J  javax.swing.RepaintManager.paint(Ljavax/swing/JComponent;Ljavax/swing/JComponent;Ljava/awt/Graphics;IIII)V
J  javax.swing.JComponent.paint(Ljava/awt/Graphics;)V
j  java.awt.GraphicsCallback$PaintCallback.run(Ljava/awt/Component;Ljava/awt/Graphics;)V+2
j  sun.awt.SunGraphicsCallback.runOneComponent(Ljava/awt/Component;Ljava/awt/Rectangle;Ljava/awt/Graphics;Ljava/awt/Shape;I)V+155
j  sun.awt.SunGraphicsCallback.runComponents([Ljava/awt/Component;Ljava/awt/Graphics;I)V+104
j  java.awt.Container.paint(Ljava/awt/Graphics;)V+73
j  java.awt.Window.paint(Ljava/awt/Graphics;)V+72
J  javax.swing.RepaintManager.paintDirtyRegions(Ljava/util/Map;)V
J  javax.swing.RepaintManager.paintDirtyRegions()V
J  javax.swing.RepaintManager.seqPaintDirtyRegions()V
J  javax.swing.SystemEventQueueUtilities$ComponentWorkRequest.run()V
J  java.awt.event.InvocationEvent.dispatch()V
J  java.awt.EventQueue.dispatchEvent(Ljava/awt/AWTEvent;)V
J  com.onseven.dbvis.K.A.U.dispatchEvent(Ljava/awt/AWTEvent;)V
J  java.awt.EventDispatchThread.pumpOneEventForFilters(I)Z
J  java.awt.EventDispatchThread.pumpEventsForFilter(ILjava/awt/Conditional;Ljava/awt/EventFilter;)V
j  java.awt.EventDispatchThread.pumpEventsForHierarchy(ILjava/awt/Conditional;Ljava/awt/Component;)V+11
j  java.awt.EventDispatchThread.pumpEvents(ILjava/awt/Conditional;)V+4
j  java.awt.EventDispatchThread.pumpEvents(Ljava/awt/Conditional;)V+3
j  java.awt.EventDispatchThread.run()V+9
v  ~StubRoutines::call_stub

---------------  P R O C E S S  ---------------

Java Threads: ( => current thread )
  0x49aee400 JavaThread "oracle.jdbc.driver.BlockSource.ThreadedCachingBlockSource.BlockReleaser" daemon [_thread_blocked, id=10636, stack(0x4a450000,0x4a4a0000)]
  0x491b6400 JavaThread "Text-Layout" [_thread_blocked, id=13168, stack(0x4a320000,0x4a370000)]
=>0x491b8800 JavaThread "AWT-EventQueue-1" [_thread_in_native, id=7552, stack(0x498b0000,0x49900000)]
  0x491b9400 JavaThread "DbVisEventQueue" daemon [_thread_blocked, id=7460, stack(0x4be60000,0x4beb0000)]
  0x491b8c00 JavaThread "Timer-0" [_thread_blocked, id=13044, stack(0x4bdd0000,0x4be20000)]
  0x49176000 JavaThread "Swing-Shell" daemon [_thread_blocked, id=3084, stack(0x4a900000,0x4a950000)]
  0x48fbb000 JavaThread "TimerQueue" daemon [_thread_blocked, id=12852, stack(0x4a870000,0x4a8c0000)]
  0x4918f800 JavaThread "AWT-Shutdown" [_thread_blocked, id=4772, stack(0x49790000,0x497e0000)]
  0x48de2800 JavaThread "AWT-Windows" daemon [_thread_in_native, id=720, stack(0x49680000,0x496d0000)]
  0x48de1400 JavaThread "Java2D Disposer" daemon [_thread_blocked, id=11228, stack(0x49560000,0x495b0000)]
  0x02542800 JavaThread "Exe4JStartupThread" daemon [_thread_blocked, id=7068, stack(0x48d70000,0x48dc0000)]
  0x02504400 JavaThread "Low Memory Detector" daemon [_thread_blocked, id=1332, stack(0x48c50000,0x48ca0000)]
  0x024fc800 JavaThread "CompilerThread0" daemon [_thread_blocked, id=5992, stack(0x48bc0000,0x48c10000)]
  0x024fb800 JavaThread "Attach Listener" daemon [_thread_blocked, id=2492, stack(0x48b30000,0x48b80000)]
  0x024f9800 JavaThread "Signal Dispatcher" daemon [_thread_blocked, id=3776, stack(0x48aa0000,0x48af0000)]
  0x024da400 JavaThread "Finalizer" daemon [_thread_blocked, id=7232, stack(0x48a10000,0x48a60000)]
  0x024d9000 JavaThread "Reference Handler" daemon [_thread_blocked, id=7116, stack(0x48980000,0x489d0000)]
  0x0211a800 JavaThread "main" [_thread_blocked, id=9040, stack(0x000a0000,0x000f0000)]

Other Threads:
  0x024d5c00 VMThread [stack: 0x488f0000,0x48940000] [id=12880]
  0x02515000 WatcherThread [stack: 0x48ce0000,0x48d30000] [id=4804]

VM state:not at safepoint (normal execution)

VM Mutex/Monitor currently owned by a thread: None

Heap
 def new generation   total 116160K, used 50527K [0x04560000, 0x0c360000, 0x19ab0000)
  eden space 103296K,  39% used [0x04560000, 0x06cc45f8, 0x0aa40000)
  from space 12864K,  79% used [0x0b6d0000, 0x0c0c39b0, 0x0c360000)
  to   space 12864K,   0% used [0x0aa40000, 0x0aa40000, 0x0b6d0000)
 tenured generation   total 257992K, used 155156K [0x19ab0000, 0x296a2000, 0x44560000)
   the space 257992K,  60% used [0x19ab0000, 0x232351f0, 0x23235200, 0x296a2000)
 compacting perm gen  total 37376K, used 37314K [0x44560000, 0x469e0000, 0x48560000)
   the space 37376K,  99% used [0x44560000, 0x469d0818, 0x469d0a00, 0x469e0000)
No shared spaces configured.

Dynamic libraries:
0x00400000 - 0x00454000 	C:\Users\Juliana\Documents\Desenvolvimento\DbVisualizer-7.1.4\dbvis.exe
0x77b90000 - 0x77d20000 	C:\Windows\SYSTEM32\ntdll.dll
0x779c0000 - 0x77aa0000 	C:\Windows\System32\KERNEL32.DLL
0x75680000 - 0x75864000 	C:\Windows\System32\KERNELBASE.dll
0x74a30000 - 0x74aa8000 	C:\Windows\System32\ADVAPI32.DLL
0x76ef0000 - 0x76faf000 	C:\Windows\System32\msvcrt.dll
0x76fd0000 - 0x77014000 	C:\Windows\System32\sechost.dll
0x77870000 - 0x77930000 	C:\Windows\System32\RPCRT4.dll
0x74450000 - 0x74470000 	C:\Windows\System32\SspiCli.dll
0x74440000 - 0x7444a000 	C:\Windows\System32\CRYPTBASE.dll
0x748e0000 - 0x74937000 	C:\Windows\System32\bcryptPrimitives.dll
0x75ba0000 - 0x76eea000 	C:\Windows\System32\SHELL32.DLL
0x77480000 - 0x774b9000 	C:\Windows\System32\cfgmgr32.dll
0x747c0000 - 0x748dd000 	C:\Windows\System32\ucrtbase.dll
0x77020000 - 0x770a8000 	C:\Windows\System32\shcore.dll
0x770c0000 - 0x7731c000 	C:\Windows\System32\combase.dll
0x750c0000 - 0x7567a000 	C:\Windows\System32\windows.storage.dll
0x74770000 - 0x747b5000 	C:\Windows\System32\shlwapi.dll
0x77430000 - 0x77452000 	C:\Windows\System32\GDI32.dll
0x74470000 - 0x745d4000 	C:\Windows\System32\gdi32full.dll
0x773b0000 - 0x7742d000 	C:\Windows\System32\msvcp_win.dll
0x745e0000 - 0x7476d000 	C:\Windows\System32\USER32.dll
0x75870000 - 0x75887000 	C:\Windows\System32\win32u.dll
0x774c0000 - 0x774cf000 	C:\Windows\System32\kernel.appcore.dll
0x77460000 - 0x77478000 	C:\Windows\System32\profapi.dll
0x77820000 - 0x77865000 	C:\Windows\System32\powrprof.dll
0x75b30000 - 0x75b38000 	C:\Windows\System32\FLTLIB.DLL
0x74180000 - 0x74384000 	C:\Windows\WinSxS\x86_microsoft.windows.common-controls_6595b64144ccf1df_6.0.17134.885_none_42efda1e44e17f65\COMCTL32.DLL
0x75a00000 - 0x75a26000 	C:\Windows\System32\IMM32.DLL
0x6d800000 - 0x6da97000 	c:\users\juliana\documents\desenvolvimento\dbvisualizer-7.1.4\jre\bin\client\jvm.dll
0x70020000 - 0x70044000 	C:\Windows\SYSTEM32\WINMM.dll
0x735d0000 - 0x735f3000 	C:\Windows\SYSTEM32\WINMMBASE.dll
0x7c340000 - 0x7c396000 	c:\users\juliana\documents\desenvolvimento\dbvisualizer-7.1.4\jre\bin\MSVCR71.dll
0x6d7b0000 - 0x6d7bc000 	c:\users\juliana\documents\desenvolvimento\dbvisualizer-7.1.4\jre\bin\verify.dll
0x6d330000 - 0x6d34f000 	c:\users\juliana\documents\desenvolvimento\dbvisualizer-7.1.4\jre\bin\java.dll
0x6d290000 - 0x6d298000 	c:\users\juliana\documents\desenvolvimento\dbvisualizer-7.1.4\jre\bin\hpi.dll
0x750b0000 - 0x750b6000 	C:\Windows\System32\PSAPI.DLL
0x6d7f0000 - 0x6d7ff000 	c:\users\juliana\documents\desenvolvimento\dbvisualizer-7.1.4\jre\bin\zip.dll
0x6d000000 - 0x6d14a000 	C:\Users\Juliana\Documents\Desenvolvimento\DbVisualizer-7.1.4\jre\bin\awt.dll
0x75a30000 - 0x75b2c000 	C:\Windows\System32\ole32.dll
0x6e2b0000 - 0x6e31d000 	C:\Windows\SYSTEM32\WINSPOOL.DRV
0x73c50000 - 0x73c80000 	C:\Windows\SYSTEM32\IPHLPAPI.DLL
0x73ad0000 - 0x73c50000 	C:\Windows\SYSTEM32\PROPSYS.dll
0x73970000 - 0x73989000 	C:\Windows\SYSTEM32\bcrypt.dll
0x74940000 - 0x749d6000 	C:\Windows\System32\OLEAUT32.dll
0x6e210000 - 0x6e2ad000 	C:\Windows\SYSTEM32\apphelp.dll
0x6dfb0000 - 0x6e203000 	C:\Windows\SYSTEM32\AcGenral.DLL
0x74100000 - 0x7417c000 	C:\Windows\SYSTEM32\UxTheme.dll
0x6f940000 - 0x6f955000 	C:\Windows\SYSTEM32\samcli.dll
0x740f0000 - 0x740f8000 	C:\Windows\SYSTEM32\VERSION.dll
0x738a0000 - 0x738c1000 	C:\Windows\SYSTEM32\USERENV.dll
0x71bf0000 - 0x71c13000 	C:\Windows\SYSTEM32\dwmapi.dll
0x73420000 - 0x735bd000 	C:\Windows\SYSTEM32\urlmon.dll
0x70070000 - 0x70088000 	C:\Windows\SYSTEM32\MPR.dll
0x731f0000 - 0x73418000 	C:\Windows\SYSTEM32\iertutil.dll
0x6e4e0000 - 0x6e4f9000 	C:\Windows\SYSTEM32\MSACM32.dll
0x74f60000 - 0x750a3000 	C:\Windows\System32\MSCTF.dll
0x6d610000 - 0x6d623000 	C:\Users\Juliana\Documents\Desenvolvimento\DbVisualizer-7.1.4\jre\bin\net.dll
0x777b0000 - 0x77817000 	C:\Windows\System32\WS2_32.dll
0x73190000 - 0x731e6000 	C:\Windows\system32\mswsock.dll
0x6df90000 - 0x6dfa1000 	C:\Windows\system32\napinsp.dll
0x6df70000 - 0x6df86000 	C:\Windows\system32\pnrpnsp.dll
0x6df50000 - 0x6df63000 	C:\Windows\system32\NLAapi.dll
0x73100000 - 0x7318e000 	C:\Windows\SYSTEM32\DNSAPI.dll
0x74f50000 - 0x74f57000 	C:\Windows\System32\NSI.dll
0x6e4d0000 - 0x6e4dc000 	C:\Windows\System32\winrnr.dll
0x6df30000 - 0x6df41000 	C:\Windows\System32\wshbth.dll
0x6f930000 - 0x6f938000 	C:\Windows\System32\rasadhlp.dll
0x6ef50000 - 0x6ef9f000 	C:\Windows\System32\fwpuclnt.dll
0x6d230000 - 0x6d284000 	C:\Users\Juliana\Documents\Desenvolvimento\DbVisualizer-7.1.4\jre\bin\fontmanager.dll
0x73ab0000 - 0x73ac3000 	C:\Windows\SYSTEM32\CRYPTSP.dll
0x73a80000 - 0x73aaf000 	C:\Windows\system32\rsaenh.dll
0x6d630000 - 0x6d639000 	C:\Users\Juliana\Documents\Desenvolvimento\DbVisualizer-7.1.4\jre\bin\nio.dll
0x77320000 - 0x773a3000 	C:\Windows\System32\clbcatq.dll
0x6de00000 - 0x6df24000 	C:\Windows\system32\NetworkExplorer.dll
0x6fb40000 - 0x6fe68000 	C:\Windows\System32\OneCoreUAPCommonProxyStub.dll
0x6dc80000 - 0x6ddf1000 	C:\Windows\SYSTEM32\WindowsCodecs.dll
0x6dc30000 - 0x6dc7a000 	C:\Windows\System32\thumbcache.dll
0x6dbc0000 - 0x6dc2d000 	C:\Windows\SYSTEM32\policymanager.dll
0x6eb10000 - 0x6eb77000 	C:\Windows\SYSTEM32\msvcp110_win.dll
0x6dbb0000 - 0x6dbb9000 	C:\Windows\System32\drprov.dll
0x6db60000 - 0x6dba2000 	C:\Windows\System32\WINSTA.dll
0x6db40000 - 0x6db52000 	C:\Windows\System32\ntlanman.dll
0x6db20000 - 0x6db39000 	C:\Windows\System32\davclnt.dll
0x6db10000 - 0x6db1a000 	C:\Windows\System32\DAVHLPR.dll
0x6e500000 - 0x6e510000 	C:\Windows\System32\wkscli.dll
0x6ed60000 - 0x6ed6f000 	C:\Windows\SYSTEM32\cscapi.dll
0x738e0000 - 0x738eb000 	C:\Windows\System32\netutils.dll
0x6dad0000 - 0x6db10000 	C:\Windows\System32\dlnashext.dll
0x4b460000 - 0x4b47a000 	C:\Windows\System32\DevDispItemProvider.dll
0x4b4e0000 - 0x4b502000 	C:\Windows\System32\DEVOBJ.dll
0x4b640000 - 0x4b815000 	C:\Windows\system32\wpdshext.dll
0x6feb0000 - 0x7001b000 	C:\Windows\WinSxS\x86_microsoft.windows.gdiplus_6595b64144ccf1df_1.1.17134.885_none_73dacd039f73f933\gdiplus.dll
0x4b930000 - 0x4b9b6000 	C:\Windows\System32\PortableDeviceApi.dll
0x74b20000 - 0x74f4b000 	C:\Windows\System32\SETUPAPI.dll
0x749e0000 - 0x74a27000 	C:\Windows\System32\WINTRUST.dll
0x770b0000 - 0x770be000 	C:\Windows\System32\MSASN1.dll
0x775b0000 - 0x77746000 	C:\Windows\System32\CRYPT32.dll
0x6d710000 - 0x6d751000 	C:\Windows\system32\audiodev.dll
0x4b9c0000 - 0x4bbdd000 	C:\Windows\system32\WMVCore.DLL
0x6d4b0000 - 0x6d4ef000 	C:\Windows\system32\WMASF.DLL
0x6d3a0000 - 0x6d4a6000 	C:\Windows\system32\mfperfhelper.dll
0x4bbf0000 - 0x4bc5e000 	C:\Windows\System32\appresolver.dll
0x6d2f0000 - 0x6d32a000 	C:\Windows\System32\Bcp47Langs.dll
0x6d2c0000 - 0x6d2e1000 	C:\Windows\System32\SLC.dll
0x6d2a0000 - 0x6d2bd000 	C:\Windows\System32\sppc.dll
0x6e4c0000 - 0x6e4cb000 	C:\Windows\SYSTEM32\LINKINFO.dll
0x73c80000 - 0x73c8a000 	C:\Windows\SYSTEM32\Secur32.dll
0x6bd60000 - 0x6bd79000 	C:\Windows\SYSTEM32\SAMLIB.dll
0x4a2b0000 - 0x4a2d4000 	C:\Users\Juliana\Documents\Desenvolvimento\DbVisualizer-7.1.4\jre\bin\jpeg.dll
0x6bd10000 - 0x6bd5f000 	C:\Windows\system32\dataexchange.dll
0x6b970000 - 0x6bbc2000 	C:\Windows\system32\d3d11.dll
0x6bbd0000 - 0x6bd0c000 	C:\Windows\system32\dcomp.dll
0x6b8d0000 - 0x6b968000 	C:\Windows\system32\dxgi.dll
0x6f250000 - 0x6f3b5000 	C:\Windows\system32\twinapi.appcore.dll
0x739c0000 - 0x739da000 	C:\Windows\system32\RMCLIENT.dll
0x6b850000 - 0x6b8cd000 	C:\Windows\System32\TextInputFramework.dll
0x6b5f0000 - 0x6b84d000 	C:\Windows\System32\CoreUIComponents.dll
0x6b560000 - 0x6b5eb000 	C:\Windows\System32\CoreMessaging.dll
0x6e9f0000 - 0x6ea19000 	C:\Windows\SYSTEM32\ntmarta.dll
0x6f7e0000 - 0x6f8b6000 	C:\Windows\SYSTEM32\wintypes.dll
0x6d560000 - 0x6d569000 	C:\Users\Juliana\Documents\Desenvolvimento\DbVisualizer-7.1.4\jre\bin\management.dll
0x6d790000 - 0x6d798000 	C:\Users\Juliana\Documents\Desenvolvimento\DbVisualizer-7.1.4\jre\bin\sunmscapi.dll
0x6d1a0000 - 0x6d1c3000 	C:\Users\Juliana\Documents\Desenvolvimento\DbVisualizer-7.1.4\jre\bin\dcpr.dll
0x6ec60000 - 0x6ec9d000 	C:\Windows\SYSTEM32\edputil.dll
0x6d570000 - 0x6d603000 	C:\Users\Juliana\Documents\Desenvolvimento\DbVisualizer-7.1.4\jre\bin\mlib_image.dll

VM Arguments:
jvm_args: -Dexe4j.semaphoreName=c:_users_juliana_documents_desenvolvimento_dbvisualizer-7.1.4_dbvis.exe -Dexe4j.isInstall4j=true -Dexe4j.moduleName=C:\Users\Juliana\Documents\Desenvolvimento\DbVisualizer-7.1.4\dbvis.exe -Dexe4j.processCommFile=C:\Users\Juliana\AppData\Local\Temp\e4j_p8960.tmp -Dexe4j.tempDir= -Dexe4j.unextractedPosition=0 -Djava.library.path=C:\ProgramData\Oracle\Java\javapath;C:\Windows\system32;C:\Windows;C:\Windows\System32\Wbem;C:\Windows\System32\WindowsPowerShell\v1.0\;C:\Windows\System32\OpenSSH\;C:\Users\Juliana\AppData\Local\Microsoft\WindowsApps;;C:\Users\Juliana\AppData\Local\Programs\Microsoft VS Code\bin;c:\users\juliana\documents\desenvolvimento\dbvisualizer-7.1.4\jre\bin -Dexe4j.consoleCodepage=cp0 -Xmx256m -Ddbvis.home=C:\Users\Juliana\Documents\Desenvolvimento\DbVisualizer-7.1.4\ -Xmx1024m 
java_command: <unknown>
Launcher Type: generic

Environment Variables:
PATH=C:\ProgramData\Oracle\Java\javapath;C:\Windows\system32;C:\Windows;C:\Windows\System32\Wbem;C:\Windows\System32\WindowsPowerShell\v1.0\;C:\Windows\System32\OpenSSH\;C:\Users\Juliana\AppData\Local\Microsoft\WindowsApps;;C:\Users\Juliana\AppData\Local\Programs\Microsoft VS Code\bin;c:\users\juliana\documents\desenvolvimento\dbvisualizer-7.1.4\jre\bin
USERNAME=Juliana
OS=Windows_NT
PROCESSOR_IDENTIFIER=Intel64 Family 6 Model 142 Stepping 9, GenuineIntel



---------------  S Y S T E M  ---------------

OS: Windows NT 6.2 Build 9200 

CPU:total 4 (8 cores per cpu, 2 threads per core) family 6 model 142 stepping 9, cmov, cx8, fxsr, mmx, sse, sse2, sse3, ssse3, sse4.1, sse4.2, popcnt, ht

Memory: 4k page, physical 8260324k(1909444k free), swap 18515740k(10376900k free)

vm_info: Java HotSpot(TM) Client VM (16.0-b13) for windows-x86 JRE (1.6.0_18-b07), built on Dec 17 2009 13:35:55 by "java_re" with MS VC++ 7.1 (VS2003)

time: Tue Aug 13 15:53:48 2019
elapsed time: 107760 seconds

